  GameMain.cpp
  GameManager.cpp
  Piece.cpp
c:\users\a07\desktop\chessgame작성중\chessgame\piece.cpp(32): warning C4018: '<': signed 또는 unsigned가 일치하지 않습니다.
c:\users\a07\desktop\chessgame작성중\chessgame\piece.cpp(43): warning C4805: '==': 연산에 'BOOL' 형식과 'bool' 형식을 함께 사용하는 것은 안전하지 않습니다.
c:\users\a07\desktop\chessgame작성중\chessgame\piece.cpp(44): warning C4805: '==': 연산에 'BOOL' 형식과 'bool' 형식을 함께 사용하는 것은 안전하지 않습니다.
c:\users\a07\desktop\chessgame작성중\chessgame\piece.cpp(46): warning C4805: '==': 연산에 'BOOL' 형식과 'bool' 형식을 함께 사용하는 것은 안전하지 않습니다.
c:\users\a07\desktop\chessgame작성중\chessgame\piece.cpp(61): warning C4018: '<': signed 또는 unsigned가 일치하지 않습니다.
c:\users\a07\desktop\chessgame작성중\chessgame\piece.cpp(63): warning C4805: '==': 연산에 'BOOL' 형식과 'bool' 형식을 함께 사용하는 것은 안전하지 않습니다.
c:\users\a07\desktop\chessgame작성중\chessgame\piece.cpp(70): warning C4018: '<': signed 또는 unsigned가 일치하지 않습니다.
c:\users\a07\desktop\chessgame작성중\chessgame\piece.cpp(72): warning C4805: '==': 연산에 'BOOL' 형식과 'bool' 형식을 함께 사용하는 것은 안전하지 않습니다.
c:\users\a07\desktop\chessgame작성중\chessgame\piece.cpp(85): warning C4018: '<': signed 또는 unsigned가 일치하지 않습니다.
c:\users\a07\desktop\chessgame작성중\chessgame\piece.cpp(87): warning C4805: '==': 연산에 'BOOL' 형식과 'bool' 형식을 함께 사용하는 것은 안전하지 않습니다.
c:\users\a07\desktop\chessgame작성중\chessgame\piece.cpp(95): warning C4805: '==': 연산에 'BOOL' 형식과 'bool' 형식을 함께 사용하는 것은 안전하지 않습니다.
c:\users\a07\desktop\chessgame작성중\chessgame\piece.cpp(111): warning C4018: '<': signed 또는 unsigned가 일치하지 않습니다.
c:\users\a07\desktop\chessgame작성중\chessgame\piece.cpp(113): warning C4805: '==': 연산에 'BOOL' 형식과 'bool' 형식을 함께 사용하는 것은 안전하지 않습니다.
  Player.cpp
  코드를 생성하고 있습니다...
c:\users\a07\desktop\chessgame작성중\chessgame\player.cpp(208): warning C4715: 'Player::ChangePawn': 모든 제어 경로에서 값을 반환하지는 않습니다.
c:\users\a07\desktop\chessgame작성중\chessgame\piece.cpp(106): warning C4715: 'Piece::Delete': 모든 제어 경로에서 값을 반환하지는 않습니다.
  ChessGame.vcxproj -> C:\Users\A07\Desktop\ChessGame작성중\Debug\ChessGame.exe
