  BitMap.cpp
c:\users\a07\desktop\cardgame\카드맞추기게임\카드맞추기게임\bitmap.cpp(24): warning C4244: '=': 'float'에서 'LONG'(으)로 변환하면서 데이터가 손실될 수 있습니다.
c:\users\a07\desktop\cardgame\카드맞추기게임\카드맞추기게임\bitmap.cpp(28): warning C4244: '=': 'float'에서 'LONG'(으)로 변환하면서 데이터가 손실될 수 있습니다.
c:\users\a07\desktop\cardgame\카드맞추기게임\카드맞추기게임\bitmap.cpp(29): warning C4244: '=': 'float'에서 'LONG'(으)로 변환하면서 데이터가 손실될 수 있습니다.
  BitMapManager.cpp
c:\users\a07\desktop\cardgame\카드맞추기게임\카드맞추기게임\bitmapmanager.cpp(15): warning C4996: 'sprintf': This function or variable may be unsafe. Consider using sprintf_s instead. To disable deprecation, use _CRT_SECURE_NO_WARNINGS. See online help for details.
  c:\program files (x86)\windows kits\10\include\10.0.17763.0\ucrt\stdio.h(1774): note: 'sprintf' 선언을 참조하십시오.
c:\users\a07\desktop\cardgame\카드맞추기게임\카드맞추기게임\bitmapmanager.cpp(17): warning C4996: 'sprintf': This function or variable may be unsafe. Consider using sprintf_s instead. To disable deprecation, use _CRT_SECURE_NO_WARNINGS. See online help for details.
  c:\program files (x86)\windows kits\10\include\10.0.17763.0\ucrt\stdio.h(1774): note: 'sprintf' 선언을 참조하십시오.
  Card.cpp
  CardManager.cpp
c:\users\a07\desktop\cardgame\카드맞추기게임\카드맞추기게임\cardmanager.h(8): warning C4005: 'FALSE': 매크로 재정의
  c:\program files (x86)\windows kits\10\include\10.0.17763.0\shared\minwindef.h(71): note: 'FALSE'의 이전 정의를 참조하십시오.
c:\users\a07\desktop\cardgame\카드맞추기게임\카드맞추기게임\cardmanager.cpp(17): warning C4244: '+=': 'float'에서 'int'(으)로 변환하면서 데이터가 손실될 수 있습니다.
c:\users\a07\desktop\cardgame\카드맞추기게임\카드맞추기게임\cardmanager.cpp(21): warning C4244: '+=': 'float'에서 'int'(으)로 변환하면서 데이터가 손실될 수 있습니다.
  카드맞추기게임.cpp
c:\users\a07\desktop\cardgame\카드맞추기게임\카드맞추기게임\cardmanager.h(8): warning C4005: 'FALSE': 매크로 재정의
  c:\program files (x86)\windows kits\10\include\10.0.17763.0\shared\minwindef.h(71): note: 'FALSE'의 이전 정의를 참조하십시오.
  코드를 생성하고 있습니다...
  카드맞추기게임.vcxproj -> C:\Users\A07\Desktop\CardGame\Debug\카드맞추기게임.exe
